{
  "RSpec": {
    "coverage": {
      "/Users/dsmythe/Projects/MakersProjects/Bookmarkmanager/app.rb": {
        "lines": [
          null,
          1,
          1,
          1,
          1,
          null,
          1,
          1,
          1,
          null,
          null,
          1,
          1,
          null,
          null,
          1,
          3,
          3,
          3,
          null,
          null,
          1,
          1,
          null,
          null,
          1,
          null,
          null,
          null,
          null,
          null,
          1,
          null,
          null,
          null,
          1,
          null,
          null,
          1,
          null
        ]
      },
      "/Users/dsmythe/Projects/MakersProjects/Bookmarkmanager/lib/bookmarks.rb": {
        "lines": [
          1,
          null,
          1,
          null,
          1,
          4,
          4,
          null,
          0,
          null,
          null,
          null,
          null,
          null,
          null,
          null,
          null,
          null,
          4,
          21,
          null,
          null,
          1,
          null,
          4,
          4,
          null,
          0,
          null,
          4,
          null,
          null,
          null
        ]
      },
      "/Users/dsmythe/Projects/MakersProjects/Bookmarkmanager/spec/bookmarks_spec.rb": {
        "lines": [
          1,
          1,
          1,
          null,
          1,
          1,
          1,
          null,
          null,
          null,
          null,
          1,
          1,
          1,
          1,
          null,
          1,
          1,
          1,
          null,
          null
        ]
      },
      "/Users/dsmythe/Projects/MakersProjects/Bookmarkmanager/spec/features/adding_bookmark_spec.rb": {
        "lines": [
          1,
          1,
          null,
          null,
          null,
          null,
          null,
          1,
          1,
          1,
          1,
          1,
          null,
          null,
          null
        ]
      },
      "/Users/dsmythe/Projects/MakersProjects/Bookmarkmanager/spec/features/viewing_bookmarks_spec.rb": {
        "lines": [
          null,
          1,
          null,
          1,
          null,
          1,
          1,
          1,
          null,
          null,
          null,
          null,
          null,
          1,
          null,
          1,
          null,
          1,
          1,
          1,
          null,
          1,
          null,
          1,
          1,
          1,
          null,
          null,
          null,
          null
        ]
      }
    },
    "timestamp": 1636040692
  }
}
