{
  "RSpec": {
    "coverage": {
      "/Users/sdonova3/Makers/dean_bookmark/Bookmark_Manager2/app.rb": {
        "lines": [
          null,
          1,
          1,
          1,
          1,
          null,
          1,
          1,
          1,
          null,
          null,
          1,
          1,
          null,
          null,
          1,
          2,
          2,
          2,
          null,
          null,
          1,
          1,
          null,
          null,
          1,
          1,
          0,
          null,
          null,
          1,
          null
        ]
      },
      "/Users/sdonova3/Makers/dean_bookmark/Bookmark_Manager2/lib/bookmarks.rb": {
        "lines": [
          1,
          null,
          1,
          null,
          1,
          3,
          3,
          null,
          0,
          null,
          null,
          3,
          15,
          null,
          null,
          1,
          null,
          6,
          6,
          null,
          0,
          null,
          6,
          null,
          null,
          null
        ]
      },
      "/Users/sdonova3/Makers/dean_bookmark/Bookmark_Manager2/spec/bookmarks_spec.rb": {
        "lines": [
          1,
          1,
          1,
          null,
          1,
          1,
          1,
          null,
          1,
          1,
          1,
          1,
          null,
          4,
          null,
          1,
          1,
          1,
          null,
          null
        ]
      },
      "/Users/sdonova3/Makers/dean_bookmark/Bookmark_Manager2/spec/features/adding_bookmark_spec.rb": {
        "lines": [
          1,
          1,
          null,
          1,
          1,
          1,
          1,
          1,
          null,
          null,
          null
        ]
      },
      "/Users/sdonova3/Makers/dean_bookmark/Bookmark_Manager2/spec/features/viewing_bookmarks_spec.rb": {
        "lines": [
          null,
          1,
          null,
          1,
          null,
          1,
          1,
          1,
          null,
          null,
          1,
          null,
          1,
          null,
          1,
          1,
          1,
          1,
          null,
          1,
          1,
          1,
          null,
          null,
          null,
          null
        ]
      }
    },
    "timestamp": 1636044558
  }
}
